<?xml version="1.0" encoding="UTF-8"?>
<coverage generated="1588602225078" clover="3.2.0">
  <project timestamp="1588602225078" name="All files">
    <metrics statements="176" coveredstatements="160" conditionals="131" coveredconditionals="95" methods="16" coveredmethods="16" elements="323" coveredelements="271" complexity="0" loc="176" ncloc="176" packages="6" files="17" classes="17"/>
    <package name="constants">
      <metrics statements="1" coveredstatements="1" conditionals="0" coveredconditionals="0" methods="0" coveredmethods="0"/>
      <file name="constants.ts" path="/Users/matiasceliz/Documents/GitHub/amount-ts/src/constants/constants.ts">
        <metrics statements="1" coveredstatements="1" conditionals="0" coveredconditionals="0" methods="0" coveredmethods="0"/>
        <line num="1" count="1" type="stmt"/>
      </file>
    </package>
    <package name="functions">
      <metrics statements="9" coveredstatements="9" conditionals="0" coveredconditionals="0" methods="0" coveredmethods="0"/>
      <file name="index.ts" path="/Users/matiasceliz/Documents/GitHub/amount-ts/src/functions/index.ts">
        <metrics statements="9" coveredstatements="9" conditionals="0" coveredconditionals="0" methods="0" coveredmethods="0"/>
        <line num="1" count="1" type="stmt"/>
        <line num="2" count="1" type="stmt"/>
        <line num="3" count="1" type="stmt"/>
        <line num="4" count="1" type="stmt"/>
        <line num="5" count="1" type="stmt"/>
        <line num="6" count="1" type="stmt"/>
        <line num="7" count="1" type="stmt"/>
        <line num="8" count="1" type="stmt"/>
        <line num="10" count="1" type="stmt"/>
      </file>
    </package>
    <package name="functions.formatting">
      <metrics statements="87" coveredstatements="75" conditionals="76" coveredconditionals="61" methods="2" coveredmethods="2"/>
      <file name="formatFrom.function.ts" path="/Users/matiasceliz/Documents/GitHub/amount-ts/src/functions/formatting/formatFrom.function.ts">
        <metrics statements="35" coveredstatements="29" conditionals="34" coveredconditionals="27" methods="1" coveredmethods="1"/>
        <line num="2" count="1" type="stmt"/>
        <line num="10" count="1" type="stmt"/>
        <line num="12" count="5" type="cond" truecount="1" falsecount="1"/>
        <line num="13" count="0" type="stmt"/>
        <line num="16" count="5" type="stmt"/>
        <line num="19" count="5" type="cond" truecount="1" falsecount="1"/>
        <line num="20" count="0" type="stmt"/>
        <line num="23" count="5" type="stmt"/>
        <line num="27" count="5" type="cond" truecount="2" falsecount="0"/>
        <line num="31" count="1" type="stmt"/>
        <line num="32" count="1" type="stmt"/>
        <line num="36" count="5" type="cond" truecount="4" falsecount="0"/>
        <line num="37" count="3" type="stmt"/>
        <line num="41" count="5" type="cond" truecount="3" falsecount="1"/>
        <line num="42" count="0" type="stmt"/>
        <line num="43" count="0" type="stmt"/>
        <line num="48" count="5" type="cond" truecount="4" falsecount="0"/>
        <line num="49" count="1" type="stmt"/>
        <line num="53" count="5" type="cond" truecount="2" falsecount="0"/>
        <line num="54" count="4" type="stmt"/>
        <line num="58" count="5" type="cond" truecount="1" falsecount="1"/>
        <line num="59" count="5" type="stmt"/>
        <line num="62" count="5" type="stmt"/>
        <line num="65" count="5" type="cond" truecount="2" falsecount="0"/>
        <line num="66" count="1" type="stmt"/>
        <line num="70" count="5" type="stmt"/>
        <line num="73" count="5" type="stmt"/>
        <line num="76" count="5" type="cond" truecount="2" falsecount="0"/>
        <line num="77" count="1" type="stmt"/>
        <line num="81" count="4" type="stmt"/>
        <line num="84" count="4" type="cond" truecount="1" falsecount="1"/>
        <line num="85" count="0" type="stmt"/>
        <line num="89" count="4" type="cond" truecount="1" falsecount="1"/>
        <line num="90" count="0" type="stmt"/>
        <line num="93" count="4" type="cond" truecount="1" falsecount="1"/>
      </file>
      <file name="formatTo.function.ts" path="/Users/matiasceliz/Documents/GitHub/amount-ts/src/functions/formatting/formatTo.function.ts">
        <metrics statements="50" coveredstatements="44" conditionals="42" coveredconditionals="34" methods="1" coveredmethods="1"/>
        <line num="2" count="1" type="stmt"/>
        <line num="3" count="1" type="stmt"/>
        <line num="11" count="1" type="stmt"/>
        <line num="12" count="16" type="cond" truecount="2" falsecount="0"/>
        <line num="13" count="16" type="cond" truecount="2" falsecount="0"/>
        <line num="15" count="16" type="stmt"/>
        <line num="19" count="16" type="cond" truecount="1" falsecount="1"/>
        <line num="20" count="0" type="stmt"/>
        <line num="23" count="16" type="stmt"/>
        <line num="25" count="16" type="cond" truecount="2" falsecount="0"/>
        <line num="26" count="6" type="stmt"/>
        <line num="27" count="6" type="stmt"/>
        <line num="31" count="16" type="cond" truecount="1" falsecount="1"/>
        <line num="32" count="0" type="stmt"/>
        <line num="37" count="16" type="cond" truecount="1" falsecount="1"/>
        <line num="41" count="0" type="stmt"/>
        <line num="46" count="16" type="stmt"/>
        <line num="48" count="16" type="cond" truecount="2" falsecount="0"/>
        <line num="49" count="1" type="stmt"/>
        <line num="50" count="1" type="stmt"/>
        <line num="55" count="16" type="cond" truecount="1" falsecount="1"/>
        <line num="57" count="16" type="stmt"/>
        <line num="60" count="0" type="stmt"/>
        <line num="64" count="16" type="stmt"/>
        <line num="67" count="16" type="cond" truecount="2" falsecount="0"/>
        <line num="68" count="6" type="stmt"/>
        <line num="69" count="6" type="stmt"/>
        <line num="71" count="6" type="cond" truecount="1" falsecount="1"/>
        <line num="72" count="6" type="stmt"/>
        <line num="76" count="10" type="stmt"/>
        <line num="80" count="16" type="cond" truecount="2" falsecount="0"/>
        <line num="81" count="15" type="stmt"/>
        <line num="85" count="15" type="cond" truecount="1" falsecount="1"/>
        <line num="86" count="15" type="stmt"/>
        <line num="90" count="16" type="stmt"/>
        <line num="93" count="16" type="cond" truecount="4" falsecount="0"/>
        <line num="94" count="1" type="stmt"/>
        <line num="98" count="16" type="cond" truecount="2" falsecount="0"/>
        <line num="99" count="12" type="stmt"/>
        <line num="103" count="16" type="cond" truecount="3" falsecount="1"/>
        <line num="104" count="0" type="stmt"/>
        <line num="108" count="16" type="stmt"/>
        <line num="109" count="16" type="stmt"/>
        <line num="112" count="16" type="cond" truecount="2" falsecount="0"/>
        <line num="113" count="2" type="stmt"/>
        <line num="117" count="16" type="cond" truecount="1" falsecount="1"/>
        <line num="118" count="0" type="stmt"/>
        <line num="121" count="16" type="cond" truecount="2" falsecount="0"/>
        <line num="122" count="6" type="stmt"/>
        <line num="126" count="16" type="stmt"/>
      </file>
      <file name="index.ts" path="/Users/matiasceliz/Documents/GitHub/amount-ts/src/functions/formatting/index.ts">
        <metrics statements="2" coveredstatements="2" conditionals="0" coveredconditionals="0" methods="0" coveredmethods="0"/>
        <line num="1" count="1" type="stmt"/>
        <line num="2" count="1" type="stmt"/>
      </file>
    </package>
    <package name="functions.general">
      <metrics statements="45" coveredstatements="41" conditionals="45" coveredconditionals="29" methods="7" coveredmethods="7"/>
      <file name="buildOptions.function.ts" path="/Users/matiasceliz/Documents/GitHub/amount-ts/src/functions/general/buildOptions.function.ts">
        <metrics statements="2" coveredstatements="2" conditionals="8" coveredconditionals="3" methods="1" coveredmethods="1"/>
        <line num="4" count="1" type="stmt"/>
        <line num="5" count="5" type="stmt"/>
      </file>
      <file name="customToFixed.function.ts" path="/Users/matiasceliz/Documents/GitHub/amount-ts/src/functions/general/customToFixed.function.ts">
        <metrics statements="9" coveredstatements="9" conditionals="4" coveredconditionals="2" methods="1" coveredmethods="1"/>
        <line num="8" count="1" type="stmt"/>
        <line num="9" count="16" type="stmt"/>
        <line num="10" count="16" type="cond" truecount="1" falsecount="1"/>
        <line num="11" count="16" type="stmt"/>
        <line num="12" count="16" type="stmt"/>
        <line num="13" count="16" type="stmt"/>
        <line num="14" count="16" type="cond" truecount="1" falsecount="1"/>
        <line num="15" count="16" type="stmt"/>
        <line num="16" count="16" type="stmt"/>
      </file>
      <file name="index.ts" path="/Users/matiasceliz/Documents/GitHub/amount-ts/src/functions/general/index.ts">
        <metrics statements="7" coveredstatements="7" conditionals="0" coveredconditionals="0" methods="0" coveredmethods="0"/>
        <line num="1" count="1" type="stmt"/>
        <line num="2" count="1" type="stmt"/>
        <line num="3" count="1" type="stmt"/>
        <line num="4" count="1" type="stmt"/>
        <line num="5" count="1" type="stmt"/>
        <line num="6" count="1" type="stmt"/>
        <line num="7" count="1" type="stmt"/>
      </file>
      <file name="isValidNumber.function.ts" path="/Users/matiasceliz/Documents/GitHub/amount-ts/src/functions/general/isValidNumber.function.ts">
        <metrics statements="2" coveredstatements="2" conditionals="2" coveredconditionals="2" methods="1" coveredmethods="1"/>
        <line num="6" count="1" type="stmt"/>
        <line num="7" count="20" type="cond" truecount="2" falsecount="0"/>
      </file>
      <file name="strEndsWith.function.ts" path="/Users/matiasceliz/Documents/GitHub/amount-ts/src/functions/general/strEndsWith.function.ts">
        <metrics statements="2" coveredstatements="2" conditionals="0" coveredconditionals="0" methods="1" coveredmethods="1"/>
        <line num="7" count="1" type="stmt"/>
        <line num="8" count="3" type="stmt"/>
      </file>
      <file name="strReverse.function.ts" path="/Users/matiasceliz/Documents/GitHub/amount-ts/src/functions/general/strReverse.function.ts">
        <metrics statements="2" coveredstatements="2" conditionals="0" coveredconditionals="0" methods="1" coveredmethods="1"/>
        <line num="6" count="1" type="stmt"/>
        <line num="7" count="45" type="stmt"/>
      </file>
      <file name="strStartsWith.function.ts" path="/Users/matiasceliz/Documents/GitHub/amount-ts/src/functions/general/strStartsWith.function.ts">
        <metrics statements="2" coveredstatements="2" conditionals="0" coveredconditionals="0" methods="1" coveredmethods="1"/>
        <line num="7" count="1" type="stmt"/>
        <line num="8" count="10" type="stmt"/>
      </file>
      <file name="validate.function.ts" path="/Users/matiasceliz/Documents/GitHub/amount-ts/src/functions/general/validate.function.ts">
        <metrics statements="19" coveredstatements="15" conditionals="31" coveredconditionals="22" methods="1" coveredmethods="1"/>
        <line num="13" count="1" type="stmt"/>
        <line num="15" count="10" type="cond" truecount="4" falsecount="0"/>
        <line num="16" count="4" type="stmt"/>
        <line num="19" count="10" type="cond" truecount="2" falsecount="0"/>
        <line num="22" count="2" type="cond" truecount="1" falsecount="1"/>
        <line num="23" count="2" type="stmt"/>
        <line num="27" count="10" type="cond" truecount="2" falsecount="0"/>
        <line num="28" count="4" type="stmt"/>
        <line num="32" count="10" type="cond" truecount="2" falsecount="2"/>
        <line num="33" count="0" type="stmt"/>
        <line num="36" count="10" type="cond" truecount="2" falsecount="0"/>
        <line num="37" count="1" type="stmt"/>
        <line num="43" count="10" type="cond" truecount="1" falsecount="1"/>
        <line num="47" count="0" type="stmt"/>
        <line num="50" count="10" type="cond" truecount="1" falsecount="1"/>
        <line num="54" count="0" type="stmt"/>
        <line num="57" count="10" type="cond" truecount="1" falsecount="1"/>
        <line num="61" count="0" type="stmt"/>
        <line num="64" count="10" type="stmt"/>
      </file>
    </package>
    <package name="implementation">
      <metrics statements="32" coveredstatements="32" conditionals="10" coveredconditionals="5" methods="7" coveredmethods="7"/>
      <file name="amount.ts" path="/Users/matiasceliz/Documents/GitHub/amount-ts/src/implementation/amount.ts">
        <metrics statements="31" coveredstatements="31" conditionals="10" coveredconditionals="5" methods="7" coveredmethods="7"/>
        <line num="1" count="1" type="stmt"/>
        <line num="9" count="1" type="stmt"/>
        <line num="11" count="1" type="stmt"/>
        <line num="18" count="2" type="stmt"/>
        <line num="28" count="2" type="cond" truecount="1" falsecount="1"/>
        <line num="29" count="2" type="cond" truecount="1" falsecount="1"/>
        <line num="32" count="2" type="stmt"/>
        <line num="34" count="2" type="stmt"/>
        <line num="48" count="2" type="stmt"/>
        <line num="58" count="2" type="cond" truecount="1" falsecount="1"/>
        <line num="59" count="2" type="cond" truecount="1" falsecount="1"/>
        <line num="62" count="2" type="stmt"/>
        <line num="71" count="5" type="stmt"/>
        <line num="80" count="10" type="stmt"/>
        <line num="89" count="6" type="stmt"/>
        <line num="101" count="5" type="stmt"/>
        <line num="110" count="2" type="stmt"/>
        <line num="112" count="2" type="stmt"/>
        <line num="113" count="2" type="stmt"/>
        <line num="115" count="2" type="stmt"/>
        <line num="116" count="2" type="stmt"/>
        <line num="117" count="2" type="stmt"/>
        <line num="119" count="2" type="stmt"/>
        <line num="120" count="2" type="stmt"/>
        <line num="122" count="2" type="stmt"/>
        <line num="123" count="2" type="stmt"/>
        <line num="125" count="2" type="stmt"/>
        <line num="126" count="2" type="stmt"/>
        <line num="127" count="2" type="stmt"/>
        <line num="128" count="2" type="cond" truecount="1" falsecount="1"/>
        <line num="130" count="2" type="stmt"/>
      </file>
      <file name="index.ts" path="/Users/matiasceliz/Documents/GitHub/amount-ts/src/implementation/index.ts">
        <metrics statements="1" coveredstatements="1" conditionals="0" coveredconditionals="0" methods="0" coveredmethods="0"/>
        <line num="1" count="1" type="stmt"/>
      </file>
    </package>
    <package name="options">
      <metrics statements="2" coveredstatements="2" conditionals="0" coveredconditionals="0" methods="0" coveredmethods="0"/>
      <file name="currencies.options.ts" path="/Users/matiasceliz/Documents/GitHub/amount-ts/src/options/currencies.options.ts">
        <metrics statements="1" coveredstatements="1" conditionals="0" coveredconditionals="0" methods="0" coveredmethods="0"/>
        <line num="8" count="1" type="stmt"/>
      </file>
      <file name="index.ts" path="/Users/matiasceliz/Documents/GitHub/amount-ts/src/options/index.ts">
        <metrics statements="1" coveredstatements="1" conditionals="0" coveredconditionals="0" methods="0" coveredmethods="0"/>
        <line num="1" count="1" type="stmt"/>
      </file>
    </package>
  </project>
</coverage>
