{"/Users/matiasceliz/Documents/GitHub/amount-ts/src/constants/constants.ts": {"path":"/Users/matiasceliz/Documents/GitHub/amount-ts/src/constants/constants.ts","statementMap":{"0":{"start":{"line":1,"column":0},"end":{"line":4,"column":2}}},"fnMap":{},"branchMap":{},"s":{"0":1},"f":{},"b":{}}
,"/Users/matiasceliz/Documents/GitHub/amount-ts/src/functions/index.ts": {"path":"/Users/matiasceliz/Documents/GitHub/amount-ts/src/functions/index.ts","statementMap":{"0":{"start":{"line":1,"column":0},"end":{"line":1,"column":null}},"1":{"start":{"line":2,"column":4},"end":{"line":2,"column":null}},"2":{"start":{"line":3,"column":4},"end":{"line":3,"column":null}},"3":{"start":{"line":4,"column":4},"end":{"line":4,"column":null}},"4":{"start":{"line":5,"column":4},"end":{"line":5,"column":null}},"5":{"start":{"line":6,"column":4},"end":{"line":6,"column":null}},"6":{"start":{"line":7,"column":4},"end":{"line":7,"column":null}},"7":{"start":{"line":8,"column":4},"end":{"line":8,"column":null}},"8":{"start":{"line":10,"column":0},"end":{"line":10,"column":9}},"9":{"start":{"line":10,"column":9},"end":{"line":10,"column":21}},"10":{"start":{"line":10,"column":21},"end":{"line":10,"column":52}}},"fnMap":{},"branchMap":{},"s":{"0":1,"1":1,"2":1,"3":1,"4":1,"5":1,"6":1,"7":1,"8":1,"9":1,"10":1},"f":{},"b":{}}
,"/Users/matiasceliz/Documents/GitHub/amount-ts/src/functions/formatting/formatFrom.function.ts": {"path":"/Users/matiasceliz/Documents/GitHub/amount-ts/src/functions/formatting/formatFrom.function.ts","statementMap":{"0":{"start":{"line":2,"column":0},"end":{"line":2,"column":71}},"1":{"start":{"line":10,"column":13},"end":{"line":94,"column":2}},"2":{"start":{"line":12,"column":4},"end":{"line":14,"column":null}},"3":{"start":{"line":13,"column":8},"end":{"line":13,"column":17}},"4":{"start":{"line":16,"column":32},"end":{"line":16,"column":37}},"5":{"start":{"line":19,"column":4},"end":{"line":21,"column":null}},"6":{"start":{"line":20,"column":8},"end":{"line":20,"column":36}},"7":{"start":{"line":23,"column":26},"end":{"line":23,"column":31}},"8":{"start":{"line":27,"column":4},"end":{"line":33,"column":null}},"9":{"start":{"line":31,"column":8},"end":{"line":31,"column":58}},"10":{"start":{"line":32,"column":8},"end":{"line":32,"column":31}},"11":{"start":{"line":36,"column":4},"end":{"line":38,"column":null}},"12":{"start":{"line":37,"column":8},"end":{"line":37,"column":50}},"13":{"start":{"line":41,"column":4},"end":{"line":44,"column":null}},"14":{"start":{"line":42,"column":8},"end":{"line":42,"column":52}},"15":{"start":{"line":43,"column":8},"end":{"line":43,"column":31}},"16":{"start":{"line":48,"column":4},"end":{"line":50,"column":null}},"17":{"start":{"line":49,"column":8},"end":{"line":49,"column":59}},"18":{"start":{"line":53,"column":4},"end":{"line":55,"column":null}},"19":{"start":{"line":54,"column":8},"end":{"line":54,"column":55}},"20":{"start":{"line":58,"column":4},"end":{"line":60,"column":null}},"21":{"start":{"line":59,"column":8},"end":{"line":59,"column":49}},"22":{"start":{"line":62,"column":28},"end":{"line":62,"column":30}},"23":{"start":{"line":65,"column":4},"end":{"line":67,"column":null}},"24":{"start":{"line":66,"column":8},"end":{"line":66,"column":25}},"25":{"start":{"line":70,"column":4},"end":{"line":70,"column":23}},"26":{"start":{"line":73,"column":4},"end":{"line":73,"column":54}},"27":{"start":{"line":76,"column":4},"end":{"line":78,"column":null}},"28":{"start":{"line":77,"column":8},"end":{"line":77,"column":17}},"29":{"start":{"line":81,"column":25},"end":{"line":81,"column":42}},"30":{"start":{"line":84,"column":4},"end":{"line":86,"column":null}},"31":{"start":{"line":85,"column":8},"end":{"line":85,"column":56}},"32":{"start":{"line":89,"column":4},"end":{"line":91,"column":null}},"33":{"start":{"line":90,"column":8},"end":{"line":90,"column":17}},"34":{"start":{"line":93,"column":4},"end":{"line":93,"column":66}}},"fnMap":{"0":{"name":"(anonymous_0)","decl":{"start":{"line":10,"column":26},"end":{"line":10,"column":27}},"loc":{"start":{"line":10,"column":71},"end":{"line":94,"column":1}}}},"branchMap":{"0":{"loc":{"start":{"line":12,"column":4},"end":{"line":14,"column":null}},"type":"if","locations":[{"start":{"line":12,"column":4},"end":{"line":14,"column":null}},{"start":{"line":12,"column":4},"end":{"line":14,"column":null}}]},"1":{"loc":{"start":{"line":19,"column":4},"end":{"line":21,"column":null}},"type":"if","locations":[{"start":{"line":19,"column":4},"end":{"line":21,"column":null}},{"start":{"line":19,"column":4},"end":{"line":21,"column":null}}]},"2":{"loc":{"start":{"line":27,"column":4},"end":{"line":33,"column":null}},"type":"if","locations":[{"start":{"line":27,"column":4},"end":{"line":33,"column":null}},{"start":{"line":27,"column":4},"end":{"line":33,"column":null}}]},"3":{"loc":{"start":{"line":28,"column":8},"end":{"line":28,"column":30}},"type":"binary-expr","locations":[{"start":{"line":28,"column":8},"end":{"line":28,"column":30}},{"start":{"line":29,"column":8},"end":{"line":29,"column":52}}]},"4":{"loc":{"start":{"line":36,"column":4},"end":{"line":38,"column":null}},"type":"if","locations":[{"start":{"line":36,"column":4},"end":{"line":38,"column":null}},{"start":{"line":36,"column":4},"end":{"line":38,"column":null}}]},"5":{"loc":{"start":{"line":36,"column":8},"end":{"line":36,"column":22}},"type":"binary-expr","locations":[{"start":{"line":36,"column":8},"end":{"line":36,"column":22}},{"start":{"line":36,"column":26},"end":{"line":36,"column":62}}]},"6":{"loc":{"start":{"line":41,"column":4},"end":{"line":44,"column":null}},"type":"if","locations":[{"start":{"line":41,"column":4},"end":{"line":44,"column":null}},{"start":{"line":41,"column":4},"end":{"line":44,"column":null}}]},"7":{"loc":{"start":{"line":41,"column":8},"end":{"line":41,"column":24}},"type":"binary-expr","locations":[{"start":{"line":41,"column":8},"end":{"line":41,"column":24}},{"start":{"line":41,"column":28},"end":{"line":41,"column":66}}]},"8":{"loc":{"start":{"line":48,"column":4},"end":{"line":50,"column":null}},"type":"if","locations":[{"start":{"line":48,"column":4},"end":{"line":50,"column":null}},{"start":{"line":48,"column":4},"end":{"line":50,"column":null}}]},"9":{"loc":{"start":{"line":48,"column":8},"end":{"line":48,"column":22}},"type":"binary-expr","locations":[{"start":{"line":48,"column":8},"end":{"line":48,"column":22}},{"start":{"line":48,"column":26},"end":{"line":48,"column":60}}]},"10":{"loc":{"start":{"line":53,"column":4},"end":{"line":55,"column":null}},"type":"if","locations":[{"start":{"line":53,"column":4},"end":{"line":55,"column":null}},{"start":{"line":53,"column":4},"end":{"line":55,"column":null}}]},"11":{"loc":{"start":{"line":58,"column":4},"end":{"line":60,"column":null}},"type":"if","locations":[{"start":{"line":58,"column":4},"end":{"line":60,"column":null}},{"start":{"line":58,"column":4},"end":{"line":60,"column":null}}]},"12":{"loc":{"start":{"line":65,"column":4},"end":{"line":67,"column":null}},"type":"if","locations":[{"start":{"line":65,"column":4},"end":{"line":67,"column":null}},{"start":{"line":65,"column":4},"end":{"line":67,"column":null}}]},"13":{"loc":{"start":{"line":76,"column":4},"end":{"line":78,"column":null}},"type":"if","locations":[{"start":{"line":76,"column":4},"end":{"line":78,"column":null}},{"start":{"line":76,"column":4},"end":{"line":78,"column":null}}]},"14":{"loc":{"start":{"line":84,"column":4},"end":{"line":86,"column":null}},"type":"if","locations":[{"start":{"line":84,"column":4},"end":{"line":86,"column":null}},{"start":{"line":84,"column":4},"end":{"line":86,"column":null}}]},"15":{"loc":{"start":{"line":89,"column":4},"end":{"line":91,"column":null}},"type":"if","locations":[{"start":{"line":89,"column":4},"end":{"line":91,"column":null}},{"start":{"line":89,"column":4},"end":{"line":91,"column":null}}]},"16":{"loc":{"start":{"line":93,"column":38},"end":{"line":93,"column":56}},"type":"cond-expr","locations":[{"start":{"line":93,"column":38},"end":{"line":93,"column":56}},{"start":{"line":93,"column":59},"end":{"line":93,"column":65}}]}},"s":{"0":1,"1":1,"2":5,"3":0,"4":5,"5":5,"6":0,"7":5,"8":5,"9":1,"10":1,"11":5,"12":3,"13":5,"14":0,"15":0,"16":5,"17":1,"18":5,"19":4,"20":5,"21":5,"22":5,"23":5,"24":1,"25":5,"26":5,"27":5,"28":1,"29":4,"30":4,"31":0,"32":4,"33":0,"34":4},"f":{"0":5},"b":{"0":[0,5],"1":[0,5],"2":[1,4],"3":[5,1],"4":[3,2],"5":[5,5],"6":[0,5],"7":[5,4],"8":[1,4],"9":[5,3],"10":[4,1],"11":[5,0],"12":[1,4],"13":[1,4],"14":[0,4],"15":[0,4],"16":[0,4]}}
,"/Users/matiasceliz/Documents/GitHub/amount-ts/src/functions/formatting/formatTo.function.ts": {"path":"/Users/matiasceliz/Documents/GitHub/amount-ts/src/functions/formatting/formatTo.function.ts","statementMap":{"0":{"start":{"line":2,"column":0},"end":{"line":2,"column":70}},"1":{"start":{"line":3,"column":0},"end":{"line":3,"column":50}},"2":{"start":{"line":11,"column":13},"end":{"line":127,"column":2}},"3":{"start":{"line":12,"column":4},"end":{"line":12,"column":65}},"4":{"start":{"line":13,"column":4},"end":{"line":13,"column":71}},"5":{"start":{"line":15,"column":32},"end":{"line":15,"column":37}},"6":{"start":{"line":19,"column":4},"end":{"line":21,"column":null}},"7":{"start":{"line":20,"column":8},"end":{"line":20,"column":39}},"8":{"start":{"line":23,"column":30},"end":{"line":23,"column":62}},"9":{"start":{"line":25,"column":4},"end":{"line":28,"column":null}},"10":{"start":{"line":26,"column":8},"end":{"line":26,"column":60}},"11":{"start":{"line":27,"column":8},"end":{"line":27,"column":29}},"12":{"start":{"line":31,"column":4},"end":{"line":33,"column":null}},"13":{"start":{"line":32,"column":8},"end":{"line":32,"column":18}},"14":{"start":{"line":37,"column":4},"end":{"line":42,"column":null}},"15":{"start":{"line":41,"column":8},"end":{"line":41,"column":18}},"16":{"start":{"line":46,"column":35},"end":{"line":46,"column":40}},"17":{"start":{"line":48,"column":4},"end":{"line":51,"column":null}},"18":{"start":{"line":49,"column":8},"end":{"line":49,"column":31}},"19":{"start":{"line":50,"column":8},"end":{"line":50,"column":32}},"20":{"start":{"line":55,"column":4},"end":{"line":61,"column":null}},"21":{"start":{"line":57,"column":8},"end":{"line":57,"column":59}},"22":{"start":{"line":60,"column":8},"end":{"line":60,"column":37}},"23":{"start":{"line":64,"column":24},"end":{"line":64,"column":26}},"24":{"start":{"line":67,"column":4},"end":{"line":77,"column":null}},"25":{"start":{"line":68,"column":38},"end":{"line":68,"column":58}},"26":{"start":{"line":69,"column":8},"end":{"line":69,"column":35}},"27":{"start":{"line":71,"column":8},"end":{"line":73,"column":null}},"28":{"start":{"line":72,"column":12},"end":{"line":72,"column":58}},"29":{"start":{"line":76,"column":8},"end":{"line":76,"column":30}},"30":{"start":{"line":80,"column":4},"end":{"line":88,"column":null}},"31":{"start":{"line":81,"column":49},"end":{"line":82,"column":null}},"32":{"start":{"line":85,"column":8},"end":{"line":87,"column":null}},"33":{"start":{"line":86,"column":12},"end":{"line":86,"column":79}},"34":{"start":{"line":90,"column":25},"end":{"line":90,"column":27}},"35":{"start":{"line":93,"column":4},"end":{"line":95,"column":null}},"36":{"start":{"line":94,"column":8},"end":{"line":94,"column":41}},"37":{"start":{"line":98,"column":4},"end":{"line":100,"column":null}},"38":{"start":{"line":99,"column":8},"end":{"line":99,"column":33}},"39":{"start":{"line":103,"column":4},"end":{"line":105,"column":null}},"40":{"start":{"line":104,"column":8},"end":{"line":104,"column":35}},"41":{"start":{"line":108,"column":4},"end":{"line":108,"column":24}},"42":{"start":{"line":109,"column":4},"end":{"line":109,"column":28}},"43":{"start":{"line":112,"column":4},"end":{"line":114,"column":null}},"44":{"start":{"line":113,"column":8},"end":{"line":113,"column":33}},"45":{"start":{"line":117,"column":4},"end":{"line":119,"column":null}},"46":{"start":{"line":118,"column":8},"end":{"line":118,"column":53}},"47":{"start":{"line":121,"column":4},"end":{"line":123,"column":null}},"48":{"start":{"line":122,"column":8},"end":{"line":122,"column":43}},"49":{"start":{"line":126,"column":4},"end":{"line":126,"column":18}}},"fnMap":{"0":{"name":"(anonymous_1)","decl":{"start":{"line":11,"column":24},"end":{"line":11,"column":25}},"loc":{"start":{"line":11,"column":68},"end":{"line":127,"column":1}}}},"branchMap":{"0":{"loc":{"start":{"line":12,"column":39},"end":{"line":12,"column":56}},"type":"cond-expr","locations":[{"start":{"line":12,"column":39},"end":{"line":12,"column":56}},{"start":{"line":12,"column":59},"end":{"line":12,"column":64}}]},"1":{"loc":{"start":{"line":13,"column":50},"end":{"line":13,"column":51}},"type":"cond-expr","locations":[{"start":{"line":13,"column":50},"end":{"line":13,"column":51}},{"start":{"line":13,"column":54},"end":{"line":13,"column":70}}]},"2":{"loc":{"start":{"line":19,"column":4},"end":{"line":21,"column":null}},"type":"if","locations":[{"start":{"line":19,"column":4},"end":{"line":21,"column":null}},{"start":{"line":19,"column":4},"end":{"line":21,"column":null}}]},"3":{"loc":{"start":{"line":25,"column":4},"end":{"line":28,"column":null}},"type":"if","locations":[{"start":{"line":25,"column":4},"end":{"line":28,"column":null}},{"start":{"line":25,"column":4},"end":{"line":28,"column":null}}]},"4":{"loc":{"start":{"line":31,"column":4},"end":{"line":33,"column":null}},"type":"if","locations":[{"start":{"line":31,"column":4},"end":{"line":33,"column":null}},{"start":{"line":31,"column":4},"end":{"line":33,"column":null}}]},"5":{"loc":{"start":{"line":37,"column":4},"end":{"line":42,"column":null}},"type":"if","locations":[{"start":{"line":37,"column":4},"end":{"line":42,"column":null}},{"start":{"line":37,"column":4},"end":{"line":42,"column":null}}]},"6":{"loc":{"start":{"line":38,"column":8},"end":{"line":38,"column":44}},"type":"binary-expr","locations":[{"start":{"line":38,"column":8},"end":{"line":38,"column":44}},{"start":{"line":39,"column":8},"end":{"line":39,"column":57}}]},"7":{"loc":{"start":{"line":48,"column":4},"end":{"line":51,"column":null}},"type":"if","locations":[{"start":{"line":48,"column":4},"end":{"line":51,"column":null}},{"start":{"line":48,"column":4},"end":{"line":51,"column":null}}]},"8":{"loc":{"start":{"line":55,"column":4},"end":{"line":61,"column":null}},"type":"if","locations":[{"start":{"line":55,"column":4},"end":{"line":61,"column":null}},{"start":{"line":55,"column":4},"end":{"line":61,"column":null}}]},"9":{"loc":{"start":{"line":67,"column":4},"end":{"line":77,"column":null}},"type":"if","locations":[{"start":{"line":67,"column":4},"end":{"line":77,"column":null}},{"start":{"line":67,"column":4},"end":{"line":77,"column":null}}]},"10":{"loc":{"start":{"line":71,"column":8},"end":{"line":73,"column":null}},"type":"if","locations":[{"start":{"line":71,"column":8},"end":{"line":73,"column":null}},{"start":{"line":71,"column":8},"end":{"line":73,"column":null}}]},"11":{"loc":{"start":{"line":80,"column":4},"end":{"line":88,"column":null}},"type":"if","locations":[{"start":{"line":80,"column":4},"end":{"line":88,"column":null}},{"start":{"line":80,"column":4},"end":{"line":88,"column":null}}]},"12":{"loc":{"start":{"line":85,"column":8},"end":{"line":87,"column":null}},"type":"if","locations":[{"start":{"line":85,"column":8},"end":{"line":87,"column":null}},{"start":{"line":85,"column":8},"end":{"line":87,"column":null}}]},"13":{"loc":{"start":{"line":93,"column":4},"end":{"line":95,"column":null}},"type":"if","locations":[{"start":{"line":93,"column":4},"end":{"line":95,"column":null}},{"start":{"line":93,"column":4},"end":{"line":95,"column":null}}]},"14":{"loc":{"start":{"line":93,"column":8},"end":{"line":93,"column":23}},"type":"binary-expr","locations":[{"start":{"line":93,"column":8},"end":{"line":93,"column":23}},{"start":{"line":93,"column":27},"end":{"line":93,"column":49}}]},"15":{"loc":{"start":{"line":98,"column":4},"end":{"line":100,"column":null}},"type":"if","locations":[{"start":{"line":98,"column":4},"end":{"line":100,"column":null}},{"start":{"line":98,"column":4},"end":{"line":100,"column":null}}]},"16":{"loc":{"start":{"line":103,"column":4},"end":{"line":105,"column":null}},"type":"if","locations":[{"start":{"line":103,"column":4},"end":{"line":105,"column":null}},{"start":{"line":103,"column":4},"end":{"line":105,"column":null}}]},"17":{"loc":{"start":{"line":103,"column":8},"end":{"line":103,"column":23}},"type":"binary-expr","locations":[{"start":{"line":103,"column":8},"end":{"line":103,"column":23}},{"start":{"line":103,"column":27},"end":{"line":103,"column":43}}]},"18":{"loc":{"start":{"line":112,"column":4},"end":{"line":114,"column":null}},"type":"if","locations":[{"start":{"line":112,"column":4},"end":{"line":114,"column":null}},{"start":{"line":112,"column":4},"end":{"line":114,"column":null}}]},"19":{"loc":{"start":{"line":117,"column":4},"end":{"line":119,"column":null}},"type":"if","locations":[{"start":{"line":117,"column":4},"end":{"line":119,"column":null}},{"start":{"line":117,"column":4},"end":{"line":119,"column":null}}]},"20":{"loc":{"start":{"line":121,"column":4},"end":{"line":123,"column":null}},"type":"if","locations":[{"start":{"line":121,"column":4},"end":{"line":123,"column":null}},{"start":{"line":121,"column":4},"end":{"line":123,"column":null}}]}},"s":{"0":1,"1":1,"2":1,"3":16,"4":16,"5":16,"6":16,"7":0,"8":16,"9":16,"10":6,"11":6,"12":16,"13":0,"14":16,"15":0,"16":16,"17":16,"18":1,"19":1,"20":16,"21":16,"22":0,"23":16,"24":16,"25":6,"26":6,"27":6,"28":6,"29":10,"30":16,"31":15,"32":15,"33":15,"34":16,"35":16,"36":1,"37":16,"38":12,"39":16,"40":0,"41":16,"42":16,"43":16,"44":2,"45":16,"46":0,"47":16,"48":6,"49":16},"f":{"0":16},"b":{"0":[5,11],"1":[5,11],"2":[0,16],"3":[6,10],"4":[0,16],"5":[0,16],"6":[16,16],"7":[1,15],"8":[16,0],"9":[6,10],"10":[6,0],"11":[15,1],"12":[15,0],"13":[1,15],"14":[16,1],"15":[12,4],"16":[0,16],"17":[16,1],"18":[2,14],"19":[0,16],"20":[6,10]}}
,"/Users/matiasceliz/Documents/GitHub/amount-ts/src/functions/formatting/index.ts": {"path":"/Users/matiasceliz/Documents/GitHub/amount-ts/src/functions/formatting/index.ts","statementMap":{"0":{"start":{"line":1,"column":0},"end":{"line":1,"column":9}},"1":{"start":{"line":1,"column":9},"end":{"line":1,"column":51}},"2":{"start":{"line":2,"column":0},"end":{"line":2,"column":9}},"3":{"start":{"line":2,"column":9},"end":{"line":2,"column":47}}},"fnMap":{},"branchMap":{},"s":{"0":1,"1":1,"2":1,"3":1},"f":{},"b":{}}
,"/Users/matiasceliz/Documents/GitHub/amount-ts/src/functions/general/buildOptions.function.ts": {"path":"/Users/matiasceliz/Documents/GitHub/amount-ts/src/functions/general/buildOptions.function.ts","statementMap":{"0":{"start":{"line":4,"column":13},"end":{"line":21,"column":2}},"1":{"start":{"line":5,"column":4},"end":{"line":20,"column":6}}},"fnMap":{"0":{"name":"(anonymous_0)","decl":{"start":{"line":4,"column":28},"end":{"line":4,"column":29}},"loc":{"start":{"line":4,"column":62},"end":{"line":21,"column":1}}}},"branchMap":{"0":{"loc":{"start":{"line":11,"column":14},"end":{"line":13,"column":26}},"type":"cond-expr","locations":[{"start":{"line":11,"column":14},"end":{"line":13,"column":26}},{"start":{"line":14,"column":14},"end":{"line":14,"column":16}}]},"1":{"loc":{"start":{"line":12,"column":18},"end":{"line":12,"column":32}},"type":"cond-expr","locations":[{"start":{"line":12,"column":18},"end":{"line":12,"column":32}},{"start":{"line":13,"column":18},"end":{"line":13,"column":26}}]},"2":{"loc":{"start":{"line":16,"column":14},"end":{"line":16,"column":16}},"type":"cond-expr","locations":[{"start":{"line":16,"column":14},"end":{"line":16,"column":16}},{"start":{"line":17,"column":14},"end":{"line":19,"column":22}}]},"3":{"loc":{"start":{"line":18,"column":14},"end":{"line":18,"column":29}},"type":"cond-expr","locations":[{"start":{"line":18,"column":14},"end":{"line":18,"column":29}},{"start":{"line":19,"column":14},"end":{"line":19,"column":22}}]}},"s":{"0":1,"1":5},"f":{"0":5},"b":{"0":[5,0],"1":[5,0],"2":[5,0],"3":[0,0]}}
,"/Users/matiasceliz/Documents/GitHub/amount-ts/src/functions/general/customToFixed.function.ts": {"path":"/Users/matiasceliz/Documents/GitHub/amount-ts/src/functions/general/customToFixed.function.ts","statementMap":{"0":{"start":{"line":8,"column":13},"end":{"line":17,"column":2}},"1":{"start":{"line":9,"column":29},"end":{"line":9,"column":56}},"2":{"start":{"line":10,"column":25},"end":{"line":10,"column":59}},"3":{"start":{"line":11,"column":25},"end":{"line":11,"column":50}},"4":{"start":{"line":12,"column":25},"end":{"line":12,"column":41}},"5":{"start":{"line":13,"column":19},"end":{"line":13,"column":45}},"6":{"start":{"line":14,"column":25},"end":{"line":14,"column":60}},"7":{"start":{"line":15,"column":25},"end":{"line":15,"column":50}},"8":{"start":{"line":16,"column":4},"end":{"line":16,"column":29}}},"fnMap":{"0":{"name":"(anonymous_0)","decl":{"start":{"line":8,"column":29},"end":{"line":8,"column":30}},"loc":{"start":{"line":8,"column":68},"end":{"line":17,"column":1}}}},"branchMap":{"0":{"loc":{"start":{"line":10,"column":37},"end":{"line":10,"column":53}},"type":"cond-expr","locations":[{"start":{"line":10,"column":37},"end":{"line":10,"column":53}},{"start":{"line":10,"column":56},"end":{"line":10,"column":59}}]},"1":{"loc":{"start":{"line":14,"column":37},"end":{"line":14,"column":53}},"type":"cond-expr","locations":[{"start":{"line":14,"column":37},"end":{"line":14,"column":53}},{"start":{"line":14,"column":56},"end":{"line":14,"column":60}}]}},"s":{"0":1,"1":16,"2":16,"3":16,"4":16,"5":16,"6":16,"7":16,"8":16},"f":{"0":16},"b":{"0":[0,16],"1":[0,16]}}
,"/Users/matiasceliz/Documents/GitHub/amount-ts/src/functions/general/index.ts": {"path":"/Users/matiasceliz/Documents/GitHub/amount-ts/src/functions/general/index.ts","statementMap":{"0":{"start":{"line":1,"column":0},"end":{"line":1,"column":9}},"1":{"start":{"line":1,"column":9},"end":{"line":1,"column":55}},"2":{"start":{"line":2,"column":0},"end":{"line":2,"column":9}},"3":{"start":{"line":2,"column":9},"end":{"line":2,"column":57}},"4":{"start":{"line":3,"column":0},"end":{"line":3,"column":9}},"5":{"start":{"line":3,"column":9},"end":{"line":3,"column":57}},"6":{"start":{"line":4,"column":0},"end":{"line":4,"column":9}},"7":{"start":{"line":4,"column":9},"end":{"line":4,"column":53}},"8":{"start":{"line":5,"column":0},"end":{"line":5,"column":9}},"9":{"start":{"line":5,"column":9},"end":{"line":5,"column":51}},"10":{"start":{"line":6,"column":0},"end":{"line":6,"column":9}},"11":{"start":{"line":6,"column":9},"end":{"line":6,"column":57}},"12":{"start":{"line":7,"column":0},"end":{"line":7,"column":9}},"13":{"start":{"line":7,"column":9},"end":{"line":7,"column":47}}},"fnMap":{},"branchMap":{},"s":{"0":1,"1":1,"2":1,"3":1,"4":1,"5":1,"6":1,"7":1,"8":1,"9":1,"10":1,"11":1,"12":1,"13":1},"f":{},"b":{}}
,"/Users/matiasceliz/Documents/GitHub/amount-ts/src/functions/general/isValidNumber.function.ts": {"path":"/Users/matiasceliz/Documents/GitHub/amount-ts/src/functions/general/isValidNumber.function.ts","statementMap":{"0":{"start":{"line":6,"column":13},"end":{"line":8,"column":2}},"1":{"start":{"line":7,"column":4},"end":{"line":7,"column":56}}},"fnMap":{"0":{"name":"(anonymous_0)","decl":{"start":{"line":6,"column":29},"end":{"line":6,"column":30}},"loc":{"start":{"line":6,"column":57},"end":{"line":8,"column":1}}}},"branchMap":{"0":{"loc":{"start":{"line":7,"column":11},"end":{"line":7,"column":36}},"type":"binary-expr","locations":[{"start":{"line":7,"column":11},"end":{"line":7,"column":36}},{"start":{"line":7,"column":40},"end":{"line":7,"column":55}}]}},"s":{"0":1,"1":20},"f":{"0":20},"b":{"0":[20,20]}}
,"/Users/matiasceliz/Documents/GitHub/amount-ts/src/functions/general/strEndsWith.function.ts": {"path":"/Users/matiasceliz/Documents/GitHub/amount-ts/src/functions/general/strEndsWith.function.ts","statementMap":{"0":{"start":{"line":7,"column":13},"end":{"line":9,"column":2}},"1":{"start":{"line":8,"column":4},"end":{"line":8,"column":52}}},"fnMap":{"0":{"name":"(anonymous_0)","decl":{"start":{"line":7,"column":27},"end":{"line":7,"column":28}},"loc":{"start":{"line":7,"column":69},"end":{"line":9,"column":1}}}},"branchMap":{},"s":{"0":1,"1":3},"f":{"0":3},"b":{}}
,"/Users/matiasceliz/Documents/GitHub/amount-ts/src/functions/general/strReverse.function.ts": {"path":"/Users/matiasceliz/Documents/GitHub/amount-ts/src/functions/general/strReverse.function.ts","statementMap":{"0":{"start":{"line":6,"column":13},"end":{"line":11,"column":2}},"1":{"start":{"line":7,"column":4},"end":{"line":10,"column":18}}},"fnMap":{"0":{"name":"(anonymous_0)","decl":{"start":{"line":6,"column":26},"end":{"line":6,"column":27}},"loc":{"start":{"line":6,"column":48},"end":{"line":11,"column":1}}}},"branchMap":{},"s":{"0":1,"1":45},"f":{"0":45},"b":{}}
,"/Users/matiasceliz/Documents/GitHub/amount-ts/src/functions/general/strStartsWith.function.ts": {"path":"/Users/matiasceliz/Documents/GitHub/amount-ts/src/functions/general/strStartsWith.function.ts","statementMap":{"0":{"start":{"line":7,"column":13},"end":{"line":9,"column":2}},"1":{"start":{"line":8,"column":4},"end":{"line":8,"column":54}}},"fnMap":{"0":{"name":"(anonymous_0)","decl":{"start":{"line":7,"column":29},"end":{"line":7,"column":30}},"loc":{"start":{"line":7,"column":71},"end":{"line":9,"column":1}}}},"branchMap":{},"s":{"0":1,"1":10},"f":{"0":10},"b":{}}
,"/Users/matiasceliz/Documents/GitHub/amount-ts/src/functions/general/validate.function.ts": {"path":"/Users/matiasceliz/Documents/GitHub/amount-ts/src/functions/general/validate.function.ts","statementMap":{"0":{"start":{"line":13,"column":13},"end":{"line":65,"column":2}},"1":{"start":{"line":15,"column":4},"end":{"line":17,"column":null}},"2":{"start":{"line":16,"column":8},"end":{"line":16,"column":36}},"3":{"start":{"line":19,"column":4},"end":{"line":25,"column":null}},"4":{"start":{"line":22,"column":8},"end":{"line":24,"column":null}},"5":{"start":{"line":23,"column":12},"end":{"line":23,"column":36}},"6":{"start":{"line":27,"column":4},"end":{"line":29,"column":null}},"7":{"start":{"line":28,"column":8},"end":{"line":28,"column":34}},"8":{"start":{"line":32,"column":4},"end":{"line":34,"column":null}},"9":{"start":{"line":33,"column":8},"end":{"line":33,"column":34}},"10":{"start":{"line":36,"column":4},"end":{"line":38,"column":null}},"11":{"start":{"line":37,"column":8},"end":{"line":37,"column":34}},"12":{"start":{"line":43,"column":4},"end":{"line":48,"column":null}},"13":{"start":{"line":47,"column":8},"end":{"line":47,"column":32}},"14":{"start":{"line":50,"column":4},"end":{"line":55,"column":null}},"15":{"start":{"line":54,"column":8},"end":{"line":54,"column":34}},"16":{"start":{"line":57,"column":4},"end":{"line":62,"column":null}},"17":{"start":{"line":61,"column":8},"end":{"line":61,"column":34}},"18":{"start":{"line":64,"column":4},"end":{"line":64,"column":24}}},"fnMap":{"0":{"name":"(anonymous_0)","decl":{"start":{"line":13,"column":24},"end":{"line":13,"column":25}},"loc":{"start":{"line":13,"column":59},"end":{"line":65,"column":1}}}},"branchMap":{"0":{"loc":{"start":{"line":15,"column":4},"end":{"line":17,"column":null}},"type":"if","locations":[{"start":{"line":15,"column":4},"end":{"line":17,"column":null}},{"start":{"line":15,"column":4},"end":{"line":17,"column":null}}]},"1":{"loc":{"start":{"line":15,"column":8},"end":{"line":15,"column":30}},"type":"binary-expr","locations":[{"start":{"line":15,"column":8},"end":{"line":15,"column":30}},{"start":{"line":15,"column":34},"end":{"line":15,"column":62}}]},"2":{"loc":{"start":{"line":19,"column":4},"end":{"line":25,"column":null}},"type":"if","locations":[{"start":{"line":19,"column":4},"end":{"line":25,"column":null}},{"start":{"line":19,"column":4},"end":{"line":25,"column":null}}]},"3":{"loc":{"start":{"line":22,"column":8},"end":{"line":24,"column":null}},"type":"if","locations":[{"start":{"line":22,"column":8},"end":{"line":24,"column":null}},{"start":{"line":22,"column":8},"end":{"line":24,"column":null}}]},"4":{"loc":{"start":{"line":27,"column":4},"end":{"line":29,"column":null}},"type":"if","locations":[{"start":{"line":27,"column":4},"end":{"line":29,"column":null}},{"start":{"line":27,"column":4},"end":{"line":29,"column":null}}]},"5":{"loc":{"start":{"line":32,"column":4},"end":{"line":34,"column":null}},"type":"if","locations":[{"start":{"line":32,"column":4},"end":{"line":34,"column":null}},{"start":{"line":32,"column":4},"end":{"line":34,"column":null}}]},"6":{"loc":{"start":{"line":32,"column":8},"end":{"line":32,"column":33}},"type":"binary-expr","locations":[{"start":{"line":32,"column":8},"end":{"line":32,"column":33}},{"start":{"line":32,"column":37},"end":{"line":32,"column":62}}]},"7":{"loc":{"start":{"line":36,"column":4},"end":{"line":38,"column":null}},"type":"if","locations":[{"start":{"line":36,"column":4},"end":{"line":38,"column":null}},{"start":{"line":36,"column":4},"end":{"line":38,"column":null}}]},"8":{"loc":{"start":{"line":43,"column":4},"end":{"line":48,"column":null}},"type":"if","locations":[{"start":{"line":43,"column":4},"end":{"line":48,"column":null}},{"start":{"line":43,"column":4},"end":{"line":48,"column":null}}]},"9":{"loc":{"start":{"line":44,"column":9},"end":{"line":44,"column":26}},"type":"binary-expr","locations":[{"start":{"line":44,"column":9},"end":{"line":44,"column":26}},{"start":{"line":44,"column":30},"end":{"line":44,"column":51}},{"start":{"line":45,"column":8},"end":{"line":45,"column":51}}]},"10":{"loc":{"start":{"line":50,"column":4},"end":{"line":55,"column":null}},"type":"if","locations":[{"start":{"line":50,"column":4},"end":{"line":55,"column":null}},{"start":{"line":50,"column":4},"end":{"line":55,"column":null}}]},"11":{"loc":{"start":{"line":51,"column":9},"end":{"line":51,"column":28}},"type":"binary-expr","locations":[{"start":{"line":51,"column":9},"end":{"line":51,"column":28}},{"start":{"line":51,"column":32},"end":{"line":51,"column":53}},{"start":{"line":52,"column":8},"end":{"line":52,"column":53}}]},"12":{"loc":{"start":{"line":57,"column":4},"end":{"line":62,"column":null}},"type":"if","locations":[{"start":{"line":57,"column":4},"end":{"line":62,"column":null}},{"start":{"line":57,"column":4},"end":{"line":62,"column":null}}]},"13":{"loc":{"start":{"line":58,"column":9},"end":{"line":58,"column":28}},"type":"binary-expr","locations":[{"start":{"line":58,"column":9},"end":{"line":58,"column":28}},{"start":{"line":58,"column":32},"end":{"line":58,"column":59}},{"start":{"line":59,"column":8},"end":{"line":59,"column":59}}]}},"s":{"0":1,"1":10,"2":4,"3":10,"4":2,"5":2,"6":10,"7":4,"8":10,"9":0,"10":10,"11":1,"12":10,"13":0,"14":10,"15":0,"16":10,"17":0,"18":10},"f":{"0":10},"b":{"0":[4,6],"1":[10,5],"2":[2,8],"3":[2,0],"4":[4,6],"5":[0,10],"6":[10,0],"7":[1,9],"8":[0,10],"9":[10,0,10],"10":[0,10],"11":[10,0,10],"12":[0,10],"13":[10,0,10]}}
,"/Users/matiasceliz/Documents/GitHub/amount-ts/src/implementation/amount.ts": {"path":"/Users/matiasceliz/Documents/GitHub/amount-ts/src/implementation/amount.ts","statementMap":{"0":{"start":{"line":1,"column":0},"end":{"line":1,"column":76}},"1":{"start":{"line":9,"column":0},"end":{"line":9,"column":40}},"2":{"start":{"line":80,"column":8},"end":{"line":80,"column":35}},"3":{"start":{"line":18,"column":43},"end":{"line":26,"column":10}},"4":{"start":{"line":28,"column":8},"end":{"line":30,"column":null}},"5":{"start":{"line":29,"column":12},"end":{"line":29,"column":55}},"6":{"start":{"line":32,"column":34},"end":{"line":32,"column":64}},"7":{"start":{"line":34,"column":8},"end":{"line":38,"column":10}},"8":{"start":{"line":48,"column":43},"end":{"line":56,"column":10}},"9":{"start":{"line":58,"column":8},"end":{"line":60,"column":null}},"10":{"start":{"line":59,"column":12},"end":{"line":59,"column":55}},"11":{"start":{"line":62,"column":8},"end":{"line":62,"column":46}},"12":{"start":{"line":71,"column":8},"end":{"line":71,"column":43}},"13":{"start":{"line":89,"column":8},"end":{"line":89,"column":45}},"14":{"start":{"line":101,"column":8},"end":{"line":101,"column":47}},"15":{"start":{"line":110,"column":28},"end":{"line":110,"column":59}},"16":{"start":{"line":112,"column":28},"end":{"line":112,"column":49}},"17":{"start":{"line":113,"column":8},"end":{"line":113,"column":35}},"18":{"start":{"line":115,"column":28},"end":{"line":115,"column":49}},"19":{"start":{"line":116,"column":8},"end":{"line":116,"column":30}},"20":{"start":{"line":117,"column":8},"end":{"line":117,"column":30}},"21":{"start":{"line":119,"column":28},"end":{"line":119,"column":49}},"22":{"start":{"line":120,"column":8},"end":{"line":120,"column":35}},"23":{"start":{"line":122,"column":28},"end":{"line":122,"column":49}},"24":{"start":{"line":123,"column":8},"end":{"line":123,"column":27}},"25":{"start":{"line":125,"column":27},"end":{"line":125,"column":46}},"26":{"start":{"line":126,"column":28},"end":{"line":126,"column":47}},"27":{"start":{"line":127,"column":26},"end":{"line":127,"column":45}},"28":{"start":{"line":128,"column":28},"end":{"line":128,"column":56}},"29":{"start":{"line":130,"column":8},"end":{"line":138,"column":10}},"30":{"start":{"line":11,"column":0},"end":{"line":11,"column":13}}},"fnMap":{"0":{"name":"(anonymous_0)","decl":{"start":{"line":79,"column":4},"end":{"line":79,"column":23}},"loc":{"start":{"line":79,"column":33},"end":{"line":81,"column":5}}},"1":{"name":"(anonymous_1)","decl":{"start":{"line":17,"column":11},"end":{"line":17,"column":17}},"loc":{"start":{"line":17,"column":49},"end":{"line":39,"column":5}}},"2":{"name":"(anonymous_2)","decl":{"start":{"line":47,"column":11},"end":{"line":47,"column":17}},"loc":{"start":{"line":47,"column":46},"end":{"line":63,"column":5}}},"3":{"name":"(anonymous_3)","decl":{"start":{"line":70,"column":11},"end":{"line":70,"column":17}},"loc":{"start":{"line":70,"column":51},"end":{"line":72,"column":5}}},"4":{"name":"(anonymous_4)","decl":{"start":{"line":88,"column":11},"end":{"line":88,"column":13}},"loc":{"start":{"line":88,"column":27},"end":{"line":90,"column":5}}},"5":{"name":"(anonymous_5)","decl":{"start":{"line":100,"column":11},"end":{"line":100,"column":15}},"loc":{"start":{"line":100,"column":29},"end":{"line":102,"column":5}}},"6":{"name":"(anonymous_6)","decl":{"start":{"line":109,"column":11},"end":{"line":109,"column":17}},"loc":{"start":{"line":109,"column":31},"end":{"line":139,"column":5}}}},"branchMap":{"0":{"loc":{"start":{"line":28,"column":8},"end":{"line":30,"column":null}},"type":"if","locations":[{"start":{"line":28,"column":8},"end":{"line":30,"column":null}},{"start":{"line":28,"column":8},"end":{"line":30,"column":null}}]},"1":{"loc":{"start":{"line":29,"column":24},"end":{"line":29,"column":41}},"type":"binary-expr","locations":[{"start":{"line":29,"column":24},"end":{"line":29,"column":41}},{"start":{"line":29,"column":45},"end":{"line":29,"column":54}}]},"2":{"loc":{"start":{"line":58,"column":8},"end":{"line":60,"column":null}},"type":"if","locations":[{"start":{"line":58,"column":8},"end":{"line":60,"column":null}},{"start":{"line":58,"column":8},"end":{"line":60,"column":null}}]},"3":{"loc":{"start":{"line":59,"column":24},"end":{"line":59,"column":41}},"type":"binary-expr","locations":[{"start":{"line":59,"column":24},"end":{"line":59,"column":41}},{"start":{"line":59,"column":45},"end":{"line":59,"column":54}}]},"4":{"loc":{"start":{"line":128,"column":38},"end":{"line":128,"column":45}},"type":"binary-expr","locations":[{"start":{"line":128,"column":38},"end":{"line":128,"column":45}},{"start":{"line":128,"column":49},"end":{"line":128,"column":51}}]}},"s":{"0":1,"1":1,"2":10,"3":2,"4":2,"5":2,"6":2,"7":2,"8":2,"9":2,"10":2,"11":2,"12":5,"13":6,"14":5,"15":2,"16":2,"17":2,"18":2,"19":2,"20":2,"21":2,"22":2,"23":2,"24":2,"25":2,"26":2,"27":2,"28":2,"29":2,"30":1},"f":{"0":10,"1":2,"2":2,"3":5,"4":6,"5":5,"6":2},"b":{"0":[2,0],"1":[2,0],"2":[2,0],"3":[2,0],"4":[2,0]}}
,"/Users/matiasceliz/Documents/GitHub/amount-ts/src/implementation/index.ts": {"path":"/Users/matiasceliz/Documents/GitHub/amount-ts/src/implementation/index.ts","statementMap":{"0":{"start":{"line":1,"column":0},"end":{"line":1,"column":9}},"1":{"start":{"line":1,"column":9},"end":{"line":1,"column":34}}},"fnMap":{},"branchMap":{},"s":{"0":1,"1":1},"f":{},"b":{}}
,"/Users/matiasceliz/Documents/GitHub/amount-ts/src/options/currencies.options.ts": {"path":"/Users/matiasceliz/Documents/GitHub/amount-ts/src/options/currencies.options.ts","statementMap":{"0":{"start":{"line":8,"column":13},"end":{"line":1956,"column":3}}},"fnMap":{},"branchMap":{},"s":{"0":1},"f":{},"b":{}}
,"/Users/matiasceliz/Documents/GitHub/amount-ts/src/options/index.ts": {"path":"/Users/matiasceliz/Documents/GitHub/amount-ts/src/options/index.ts","statementMap":{"0":{"start":{"line":1,"column":0},"end":{"line":1,"column":9}},"1":{"start":{"line":1,"column":9},"end":{"line":1,"column":50}}},"fnMap":{},"branchMap":{},"s":{"0":1,"1":1},"f":{},"b":{}}
}
