TN:
SF:/Users/matiasceliz/Documents/GitHub/amount-ts/src/constants/constants.ts
FNF:0
FNH:0
DA:1,1
LF:1
LH:1
BRF:0
BRH:0
end_of_record
TN:
SF:/Users/matiasceliz/Documents/GitHub/amount-ts/src/functions/index.ts
FNF:0
FNH:0
DA:1,1
DA:2,1
DA:3,1
DA:4,1
DA:5,1
DA:6,1
DA:7,1
DA:8,1
DA:10,1
LF:9
LH:9
BRF:0
BRH:0
end_of_record
TN:
SF:/Users/matiasceliz/Documents/GitHub/amount-ts/src/functions/formatting/formatFrom.function.ts
FN:10,(anonymous_0)
FNF:1
FNH:1
FNDA:5,(anonymous_0)
DA:2,1
DA:10,1
DA:12,5
DA:13,0
DA:16,5
DA:19,5
DA:20,0
DA:23,5
DA:27,5
DA:31,1
DA:32,1
DA:36,5
DA:37,3
DA:41,5
DA:42,0
DA:43,0
DA:48,5
DA:49,1
DA:53,5
DA:54,4
DA:58,5
DA:59,5
DA:62,5
DA:65,5
DA:66,1
DA:70,5
DA:73,5
DA:76,5
DA:77,1
DA:81,4
DA:84,4
DA:85,0
DA:89,4
DA:90,0
DA:93,4
LF:35
LH:29
BRDA:12,0,0,0
BRDA:12,0,1,5
BRDA:19,1,0,0
BRDA:19,1,1,5
BRDA:27,2,0,1
BRDA:27,2,1,4
BRDA:28,3,0,5
BRDA:28,3,1,1
BRDA:36,4,0,3
BRDA:36,4,1,2
BRDA:36,5,0,5
BRDA:36,5,1,5
BRDA:41,6,0,0
BRDA:41,6,1,5
BRDA:41,7,0,5
BRDA:41,7,1,4
BRDA:48,8,0,1
BRDA:48,8,1,4
BRDA:48,9,0,5
BRDA:48,9,1,3
BRDA:53,10,0,4
BRDA:53,10,1,1
BRDA:58,11,0,5
BRDA:58,11,1,0
BRDA:65,12,0,1
BRDA:65,12,1,4
BRDA:76,13,0,1
BRDA:76,13,1,4
BRDA:84,14,0,0
BRDA:84,14,1,4
BRDA:89,15,0,0
BRDA:89,15,1,4
BRDA:93,16,0,0
BRDA:93,16,1,4
BRF:34
BRH:27
end_of_record
TN:
SF:/Users/matiasceliz/Documents/GitHub/amount-ts/src/functions/formatting/formatTo.function.ts
FN:11,(anonymous_1)
FNF:1
FNH:1
FNDA:16,(anonymous_1)
DA:2,1
DA:3,1
DA:11,1
DA:12,16
DA:13,16
DA:15,16
DA:19,16
DA:20,0
DA:23,16
DA:25,16
DA:26,6
DA:27,6
DA:31,16
DA:32,0
DA:37,16
DA:41,0
DA:46,16
DA:48,16
DA:49,1
DA:50,1
DA:55,16
DA:57,16
DA:60,0
DA:64,16
DA:67,16
DA:68,6
DA:69,6
DA:71,6
DA:72,6
DA:76,10
DA:80,16
DA:81,15
DA:85,15
DA:86,15
DA:90,16
DA:93,16
DA:94,1
DA:98,16
DA:99,12
DA:103,16
DA:104,0
DA:108,16
DA:109,16
DA:112,16
DA:113,2
DA:117,16
DA:118,0
DA:121,16
DA:122,6
DA:126,16
LF:50
LH:44
BRDA:12,0,0,5
BRDA:12,0,1,11
BRDA:13,1,0,5
BRDA:13,1,1,11
BRDA:19,2,0,0
BRDA:19,2,1,16
BRDA:25,3,0,6
BRDA:25,3,1,10
BRDA:31,4,0,0
BRDA:31,4,1,16
BRDA:37,5,0,0
BRDA:37,5,1,16
BRDA:38,6,0,16
BRDA:38,6,1,16
BRDA:48,7,0,1
BRDA:48,7,1,15
BRDA:55,8,0,16
BRDA:55,8,1,0
BRDA:67,9,0,6
BRDA:67,9,1,10
BRDA:71,10,0,6
BRDA:71,10,1,0
BRDA:80,11,0,15
BRDA:80,11,1,1
BRDA:85,12,0,15
BRDA:85,12,1,0
BRDA:93,13,0,1
BRDA:93,13,1,15
BRDA:93,14,0,16
BRDA:93,14,1,1
BRDA:98,15,0,12
BRDA:98,15,1,4
BRDA:103,16,0,0
BRDA:103,16,1,16
BRDA:103,17,0,16
BRDA:103,17,1,1
BRDA:112,18,0,2
BRDA:112,18,1,14
BRDA:117,19,0,0
BRDA:117,19,1,16
BRDA:121,20,0,6
BRDA:121,20,1,10
BRF:42
BRH:34
end_of_record
TN:
SF:/Users/matiasceliz/Documents/GitHub/amount-ts/src/functions/formatting/index.ts
FNF:0
FNH:0
DA:1,1
DA:2,1
LF:2
LH:2
BRF:0
BRH:0
end_of_record
TN:
SF:/Users/matiasceliz/Documents/GitHub/amount-ts/src/functions/general/buildOptions.function.ts
FN:4,(anonymous_0)
FNF:1
FNH:1
FNDA:5,(anonymous_0)
DA:4,1
DA:5,5
LF:2
LH:2
BRDA:11,0,0,5
BRDA:11,0,1,0
BRDA:12,1,0,5
BRDA:12,1,1,0
BRDA:16,2,0,5
BRDA:16,2,1,0
BRDA:18,3,0,0
BRDA:18,3,1,0
BRF:8
BRH:3
end_of_record
TN:
SF:/Users/matiasceliz/Documents/GitHub/amount-ts/src/functions/general/customToFixed.function.ts
FN:8,(anonymous_0)
FNF:1
FNH:1
FNDA:16,(anonymous_0)
DA:8,1
DA:9,16
DA:10,16
DA:11,16
DA:12,16
DA:13,16
DA:14,16
DA:15,16
DA:16,16
LF:9
LH:9
BRDA:10,0,0,0
BRDA:10,0,1,16
BRDA:14,1,0,0
BRDA:14,1,1,16
BRF:4
BRH:2
end_of_record
TN:
SF:/Users/matiasceliz/Documents/GitHub/amount-ts/src/functions/general/index.ts
FNF:0
FNH:0
DA:1,1
DA:2,1
DA:3,1
DA:4,1
DA:5,1
DA:6,1
DA:7,1
LF:7
LH:7
BRF:0
BRH:0
end_of_record
TN:
SF:/Users/matiasceliz/Documents/GitHub/amount-ts/src/functions/general/isValidNumber.function.ts
FN:6,(anonymous_0)
FNF:1
FNH:1
FNDA:20,(anonymous_0)
DA:6,1
DA:7,20
LF:2
LH:2
BRDA:7,0,0,20
BRDA:7,0,1,20
BRF:2
BRH:2
end_of_record
TN:
SF:/Users/matiasceliz/Documents/GitHub/amount-ts/src/functions/general/strEndsWith.function.ts
FN:7,(anonymous_0)
FNF:1
FNH:1
FNDA:3,(anonymous_0)
DA:7,1
DA:8,3
LF:2
LH:2
BRF:0
BRH:0
end_of_record
TN:
SF:/Users/matiasceliz/Documents/GitHub/amount-ts/src/functions/general/strReverse.function.ts
FN:6,(anonymous_0)
FNF:1
FNH:1
FNDA:45,(anonymous_0)
DA:6,1
DA:7,45
LF:2
LH:2
BRF:0
BRH:0
end_of_record
TN:
SF:/Users/matiasceliz/Documents/GitHub/amount-ts/src/functions/general/strStartsWith.function.ts
FN:7,(anonymous_0)
FNF:1
FNH:1
FNDA:10,(anonymous_0)
DA:7,1
DA:8,10
LF:2
LH:2
BRF:0
BRH:0
end_of_record
TN:
SF:/Users/matiasceliz/Documents/GitHub/amount-ts/src/functions/general/validate.function.ts
FN:13,(anonymous_0)
FNF:1
FNH:1
FNDA:10,(anonymous_0)
DA:13,1
DA:15,10
DA:16,4
DA:19,10
DA:22,2
DA:23,2
DA:27,10
DA:28,4
DA:32,10
DA:33,0
DA:36,10
DA:37,1
DA:43,10
DA:47,0
DA:50,10
DA:54,0
DA:57,10
DA:61,0
DA:64,10
LF:19
LH:15
BRDA:15,0,0,4
BRDA:15,0,1,6
BRDA:15,1,0,10
BRDA:15,1,1,5
BRDA:19,2,0,2
BRDA:19,2,1,8
BRDA:22,3,0,2
BRDA:22,3,1,0
BRDA:27,4,0,4
BRDA:27,4,1,6
BRDA:32,5,0,0
BRDA:32,5,1,10
BRDA:32,6,0,10
BRDA:32,6,1,0
BRDA:36,7,0,1
BRDA:36,7,1,9
BRDA:43,8,0,0
BRDA:43,8,1,10
BRDA:44,9,0,10
BRDA:44,9,1,0
BRDA:44,9,2,10
BRDA:50,10,0,0
BRDA:50,10,1,10
BRDA:51,11,0,10
BRDA:51,11,1,0
BRDA:51,11,2,10
BRDA:57,12,0,0
BRDA:57,12,1,10
BRDA:58,13,0,10
BRDA:58,13,1,0
BRDA:58,13,2,10
BRF:31
BRH:22
end_of_record
TN:
SF:/Users/matiasceliz/Documents/GitHub/amount-ts/src/implementation/amount.ts
FN:79,(anonymous_0)
FN:17,(anonymous_1)
FN:47,(anonymous_2)
FN:70,(anonymous_3)
FN:88,(anonymous_4)
FN:100,(anonymous_5)
FN:109,(anonymous_6)
FNF:7
FNH:7
FNDA:10,(anonymous_0)
FNDA:2,(anonymous_1)
FNDA:2,(anonymous_2)
FNDA:5,(anonymous_3)
FNDA:6,(anonymous_4)
FNDA:5,(anonymous_5)
FNDA:2,(anonymous_6)
DA:1,1
DA:9,1
DA:11,1
DA:18,2
DA:28,2
DA:29,2
DA:32,2
DA:34,2
DA:48,2
DA:58,2
DA:59,2
DA:62,2
DA:71,5
DA:80,10
DA:89,6
DA:101,5
DA:110,2
DA:112,2
DA:113,2
DA:115,2
DA:116,2
DA:117,2
DA:119,2
DA:120,2
DA:122,2
DA:123,2
DA:125,2
DA:126,2
DA:127,2
DA:128,2
DA:130,2
LF:31
LH:31
BRDA:28,0,0,2
BRDA:28,0,1,0
BRDA:29,1,0,2
BRDA:29,1,1,0
BRDA:58,2,0,2
BRDA:58,2,1,0
BRDA:59,3,0,2
BRDA:59,3,1,0
BRDA:128,4,0,2
BRDA:128,4,1,0
BRF:10
BRH:5
end_of_record
TN:
SF:/Users/matiasceliz/Documents/GitHub/amount-ts/src/implementation/index.ts
FNF:0
FNH:0
DA:1,1
LF:1
LH:1
BRF:0
BRH:0
end_of_record
TN:
SF:/Users/matiasceliz/Documents/GitHub/amount-ts/src/options/currencies.options.ts
FNF:0
FNH:0
DA:8,1
LF:1
LH:1
BRF:0
BRH:0
end_of_record
TN:
SF:/Users/matiasceliz/Documents/GitHub/amount-ts/src/options/index.ts
FNF:0
FNH:0
DA:1,1
LF:1
LH:1
BRF:0
BRH:0
end_of_record
